<component name="libraryTable">
  <library name="junit-jupiter-api-5.9.3">
    <CLASSES>
      <root url="jar://$PROJECT_DIR$/junit-jupiter-api-5.9.3.jar!/" />
      <root url="jar://$PROJECT_DIR$/mockito-all-1.10.19.jar!/" />
    </CLASSES>
    <JAVADOC />
    <SOURCES>
      <root url="jar://$PROJECT_DIR$/mockito-all-1.10.19.jar!/" />
    </SOURCES>
  </library>
</component>